<?xml version="1.0" encoding="UTF-8"?>
<!-- Generated by org.testng.reporters.JUnitReportReporter -->
<testsuite hostname="DESKTOP-17RC72H" failures="0" tests="2" name="runner.Run1" time="22.732" errors="0" timestamp="2021-08-30T18:00:47 IST" skipped="0">
  <testcase classname="runner.Run1" name="runScenario" time="12.736"/>
  <system-out/>
  <testcase classname="runner.Run1" name="runScenario" time="9.996"/>
  <system-out/>
</testsuite> <!-- runner.Run1 -->
